INFO || 10-Jun-24 01:41:09 || Pro-Act-Ed 2024 Recommender Engine Initialized
INFO || 10-Jun-24 01:41:34 || time recommender model has used: 25.71858024597168
INFO || 10-Jun-24 01:41:37 || S-Bert 2024 Recommender Engine Initialized
INFO || 10-Jun-24 01:41:37 || Load pretrained SentenceTransformer: all-MiniLM-L6-v2
DEBUG || 10-Jun-24 01:41:37 || Starting new HTTPS connection (1): huggingface.co:443
DEBUG || 10-Jun-24 01:41:39 || https://huggingface.co:443 "HEAD /sentence-transformers/all-MiniLM-L6-v2/resolve/main/modules.json HTTP/1.1" 200 0
DEBUG || 10-Jun-24 01:41:39 || https://huggingface.co:443 "HEAD /sentence-transformers/all-MiniLM-L6-v2/resolve/main/config_sentence_transformers.json HTTP/1.1" 200 0
DEBUG || 10-Jun-24 01:41:39 || https://huggingface.co:443 "HEAD /sentence-transformers/all-MiniLM-L6-v2/resolve/main/README.md HTTP/1.1" 200 0
DEBUG || 10-Jun-24 01:41:40 || https://huggingface.co:443 "HEAD /sentence-transformers/all-MiniLM-L6-v2/resolve/main/modules.json HTTP/1.1" 200 0
DEBUG || 10-Jun-24 01:41:40 || https://huggingface.co:443 "HEAD /sentence-transformers/all-MiniLM-L6-v2/resolve/main/sentence_bert_config.json HTTP/1.1" 200 0
DEBUG || 10-Jun-24 01:41:41 || https://huggingface.co:443 "HEAD /sentence-transformers/all-MiniLM-L6-v2/resolve/main/config.json HTTP/1.1" 200 0
DEBUG || 10-Jun-24 01:41:42 || https://huggingface.co:443 "HEAD /sentence-transformers/all-MiniLM-L6-v2/resolve/main/tokenizer_config.json HTTP/1.1" 200 0
DEBUG || 10-Jun-24 01:41:42 || https://huggingface.co:443 "GET /api/models/sentence-transformers/all-MiniLM-L6-v2/revision/main HTTP/1.1" 200 6132
INFO || 10-Jun-24 01:41:42 || Use pytorch device_name: cpu
INFO || 10-Jun-24 01:44:41 || Pro-Act-Ed 2024 Recommender Engine Initialized
INFO || 10-Jun-24 01:45:04 || time recommender model has used: 24.09771156311035
INFO || 10-Jun-24 13:53:27 || Pro-Act-Ed 2024 Recommender Engine Initialized
INFO || 10-Jun-24 13:54:01 || time recommender model has used: 37.318135499954224
INFO || 10-Jun-24 13:54:10 || S-Bert 2024 Recommender Engine Initialized
INFO || 10-Jun-24 13:54:10 || Load pretrained SentenceTransformer: all-MiniLM-L6-v2
DEBUG || 10-Jun-24 13:54:10 || Starting new HTTPS connection (1): huggingface.co:443
DEBUG || 10-Jun-24 13:54:12 || https://huggingface.co:443 "HEAD /sentence-transformers/all-MiniLM-L6-v2/resolve/main/modules.json HTTP/1.1" 200 0
DEBUG || 10-Jun-24 13:54:12 || https://huggingface.co:443 "HEAD /sentence-transformers/all-MiniLM-L6-v2/resolve/main/config_sentence_transformers.json HTTP/1.1" 200 0
DEBUG || 10-Jun-24 13:54:12 || https://huggingface.co:443 "HEAD /sentence-transformers/all-MiniLM-L6-v2/resolve/main/README.md HTTP/1.1" 200 0
DEBUG || 10-Jun-24 13:54:13 || https://huggingface.co:443 "HEAD /sentence-transformers/all-MiniLM-L6-v2/resolve/main/modules.json HTTP/1.1" 200 0
DEBUG || 10-Jun-24 13:54:13 || https://huggingface.co:443 "HEAD /sentence-transformers/all-MiniLM-L6-v2/resolve/main/sentence_bert_config.json HTTP/1.1" 200 0
DEBUG || 10-Jun-24 13:54:14 || https://huggingface.co:443 "HEAD /sentence-transformers/all-MiniLM-L6-v2/resolve/main/config.json HTTP/1.1" 200 0
DEBUG || 10-Jun-24 13:54:15 || https://huggingface.co:443 "HEAD /sentence-transformers/all-MiniLM-L6-v2/resolve/main/tokenizer_config.json HTTP/1.1" 200 0
DEBUG || 10-Jun-24 13:54:16 || https://huggingface.co:443 "GET /api/models/sentence-transformers/all-MiniLM-L6-v2/revision/main HTTP/1.1" 200 6132
INFO || 10-Jun-24 13:54:16 || Use pytorch device_name: cpu
INFO || 10-Jun-24 13:55:25 || Pro-Act-Ed 2024 Recommender Engine Initialized
INFO || 10-Jun-24 13:55:53 || time recommender model has used: 30.231669425964355
INFO || 10-Jun-24 13:56:01 || S-Bert 2024 Recommender Engine Initialized
INFO || 10-Jun-24 13:56:01 || Load pretrained SentenceTransformer: all-MiniLM-L6-v2
DEBUG || 10-Jun-24 13:56:01 || Starting new HTTPS connection (1): huggingface.co:443
DEBUG || 10-Jun-24 13:56:02 || https://huggingface.co:443 "HEAD /sentence-transformers/all-MiniLM-L6-v2/resolve/main/modules.json HTTP/1.1" 200 0
DEBUG || 10-Jun-24 13:56:02 || https://huggingface.co:443 "HEAD /sentence-transformers/all-MiniLM-L6-v2/resolve/main/config_sentence_transformers.json HTTP/1.1" 200 0
DEBUG || 10-Jun-24 13:56:02 || https://huggingface.co:443 "HEAD /sentence-transformers/all-MiniLM-L6-v2/resolve/main/README.md HTTP/1.1" 200 0
DEBUG || 10-Jun-24 13:56:03 || https://huggingface.co:443 "HEAD /sentence-transformers/all-MiniLM-L6-v2/resolve/main/modules.json HTTP/1.1" 200 0
DEBUG || 10-Jun-24 13:56:03 || https://huggingface.co:443 "HEAD /sentence-transformers/all-MiniLM-L6-v2/resolve/main/sentence_bert_config.json HTTP/1.1" 200 0
DEBUG || 10-Jun-24 13:56:04 || https://huggingface.co:443 "HEAD /sentence-transformers/all-MiniLM-L6-v2/resolve/main/config.json HTTP/1.1" 200 0
DEBUG || 10-Jun-24 13:56:06 || https://huggingface.co:443 "HEAD /sentence-transformers/all-MiniLM-L6-v2/resolve/main/tokenizer_config.json HTTP/1.1" 200 0
DEBUG || 10-Jun-24 13:56:06 || https://huggingface.co:443 "GET /api/models/sentence-transformers/all-MiniLM-L6-v2/revision/main HTTP/1.1" 200 6132
INFO || 10-Jun-24 13:56:06 || Use pytorch device_name: cpu
ERROR || 10-Jun-24 17:51:34 || Internal Server Error: /check_new_messages/
Traceback (most recent call last):
  File "C:\Users\Simon\AppData\Roaming\Python\Python311\site-packages\django\db\models\fields\__init__.py", line 2053, in get_prep_value
    return int(value)
           ^^^^^^^^^^
TypeError: int() argument must be a string, a bytes-like object or a real number, not 'SimpleLazyObject'

The above exception was the direct cause of the following exception:

Traceback (most recent call last):
  File "C:\Users\Simon\AppData\Roaming\Python\Python311\site-packages\django\core\handlers\exception.py", line 55, in inner
    response = get_response(request)
               ^^^^^^^^^^^^^^^^^^^^^
  File "C:\Users\Simon\AppData\Roaming\Python\Python311\site-packages\django\core\handlers\base.py", line 197, in _get_response
    response = wrapped_callback(request, *callback_args, **callback_kwargs)
               ^^^^^^^^^^^^^^^^^^^^^^^^^^^^^^^^^^^^^^^^^^^^^^^^^^^^^^^^^^^^
  File "C:\Users\Simon\proacted\AIacademia\academia_app\views.py", line 263, in check_new_messages
    has_new_messages = NewMessageNotification.objects.filter(user=request.user, is_new=True).exists()
                       ^^^^^^^^^^^^^^^^^^^^^^^^^^^^^^^^^^^^^^^^^^^^^^^^^^^^^^^^^^^^^^^^^^^^^
  File "C:\Users\Simon\AppData\Roaming\Python\Python311\site-packages\django\db\models\manager.py", line 87, in manager_method
    return getattr(self.get_queryset(), name)(*args, **kwargs)
           ^^^^^^^^^^^^^^^^^^^^^^^^^^^^^^^^^^^^^^^^^^^^^^^^^^^
  File "C:\Users\Simon\AppData\Roaming\Python\Python311\site-packages\django\db\models\query.py", line 1436, in filter
    return self._filter_or_exclude(False, args, kwargs)
           ^^^^^^^^^^^^^^^^^^^^^^^^^^^^^^^^^^^^^^^^^^^^
  File "C:\Users\Simon\AppData\Roaming\Python\Python311\site-packages\django\db\models\query.py", line 1454, in _filter_or_exclude
    clone._filter_or_exclude_inplace(negate, args, kwargs)
  File "C:\Users\Simon\AppData\Roaming\Python\Python311\site-packages\django\db\models\query.py", line 1461, in _filter_or_exclude_inplace
    self._query.add_q(Q(*args, **kwargs))
  File "C:\Users\Simon\AppData\Roaming\Python\Python311\site-packages\django\db\models\sql\query.py", line 1545, in add_q
    clause, _ = self._add_q(q_object, self.used_aliases)
                ^^^^^^^^^^^^^^^^^^^^^^^^^^^^^^^^^^^^^^^^
  File "C:\Users\Simon\AppData\Roaming\Python\Python311\site-packages\django\db\models\sql\query.py", line 1576, in _add_q
    child_clause, needed_inner = self.build_filter(
                                 ^^^^^^^^^^^^^^^^^^
  File "C:\Users\Simon\AppData\Roaming\Python\Python311\site-packages\django\db\models\sql\query.py", line 1491, in build_filter
    condition = self.build_lookup(lookups, col, value)
                ^^^^^^^^^^^^^^^^^^^^^^^^^^^^^^^^^^^^^^
  File "C:\Users\Simon\AppData\Roaming\Python\Python311\site-packages\django\db\models\sql\query.py", line 1318, in build_lookup
    lookup = lookup_class(lhs, rhs)
             ^^^^^^^^^^^^^^^^^^^^^^
  File "C:\Users\Simon\AppData\Roaming\Python\Python311\site-packages\django\db\models\lookups.py", line 27, in __init__
    self.rhs = self.get_prep_lookup()
               ^^^^^^^^^^^^^^^^^^^^^^
  File "C:\Users\Simon\AppData\Roaming\Python\Python311\site-packages\django\db\models\fields\related_lookups.py", line 166, in get_prep_lookup
    self.rhs = target_field.get_prep_value(self.rhs)
               ^^^^^^^^^^^^^^^^^^^^^^^^^^^^^^^^^^^^^
  File "C:\Users\Simon\AppData\Roaming\Python\Python311\site-packages\django\db\models\fields\__init__.py", line 2055, in get_prep_value
    raise e.__class__(
TypeError: Field 'id' expected a number but got <SimpleLazyObject: <django.contrib.auth.models.AnonymousUser object at 0x0000023C5728AED0>>.
WARNING || 10-Jun-24 17:51:34 || Not Found: /ws/academia_app/
WARNING || 10-Jun-24 17:51:42 || From C:\Users\Simon\AppData\Roaming\Python\Python311\site-packages\keras\src\backend.py:1398: The name tf.executing_eagerly_outside_functions is deprecated. Please use tf.compat.v1.executing_eagerly_outside_functions instead.

WARNING || 10-Jun-24 17:51:43 || From C:\Users\Simon\AppData\Roaming\Python\Python311\site-packages\keras\src\optimizers\__init__.py:309: The name tf.train.Optimizer is deprecated. Please use tf.compat.v1.train.Optimizer instead.

INFO || 10-Jun-24 19:30:58 || C:\Users\Simon\proacted\AIacademia\academia_app\urls.py changed, reloading.
